-------------------------------------------------------------------------------
Test set: com.ego.search.test.SearchTest
-------------------------------------------------------------------------------
Tests run: 1, Failures: 0, Errors: 1, Skipped: 0, Time elapsed: 40.409 s <<< FAILURE! - in com.ego.search.test.SearchTest
testSaveBean(com.ego.search.test.SearchTest)  Time elapsed: 0.1 s  <<< ERROR!
java.lang.IllegalStateException: Failed to load ApplicationContext
Caused by: org.springframework.beans.factory.UnsatisfiedDependencyException: Error creating bean with name 'searchController': Unsatisfied dependency expressed through field 'searchService'; nested exception is org.springframework.beans.factory.BeanCreationException: Error creating bean with name 'searchServiceImpl': Injection of @org.apache.dubbo.config.annotation.Reference dependencies is failed; nested exception is java.lang.IllegalStateException: Failed to check the status of the service com.ego.dubbo.service.TbItemDubboService. No provider available for the service com.ego.dubbo.service.TbItemDubboService from the url zookeeper://192.168.9.128:2181/org.apache.dubbo.registry.RegistryService?anyhost=true&application=ego_search&bean.name=providers:dubbo:com.ego.dubbo.service.TbItemDubboService&check=false&default.deprecated=false&default.dynamic=false&default.lazy=false&default.register=true&default.sticky=false&deprecated=false&dubbo=2.0.2&dynamic=false&generic=false&interface=com.ego.dubbo.service.TbItemDubboService&lazy=false&methods=selectAll,updateBy,update,showItem,selectByid,insertItem&pid=14452&qos.enable=false&register=true&register.ip=192.168.9.1&release=2.7.1&remote.application=ego_dubbo&remote.timestamp=1565316792634&revision=1.0-SNAPSHOT&side=consumer&sticky=false&timestamp=1566455621800 to the consumer 192.168.9.1 use dubbo version 2.7.1
Caused by: org.springframework.beans.factory.BeanCreationException: Error creating bean with name 'searchServiceImpl': Injection of @org.apache.dubbo.config.annotation.Reference dependencies is failed; nested exception is java.lang.IllegalStateException: Failed to check the status of the service com.ego.dubbo.service.TbItemDubboService. No provider available for the service com.ego.dubbo.service.TbItemDubboService from the url zookeeper://192.168.9.128:2181/org.apache.dubbo.registry.RegistryService?anyhost=true&application=ego_search&bean.name=providers:dubbo:com.ego.dubbo.service.TbItemDubboService&check=false&default.deprecated=false&default.dynamic=false&default.lazy=false&default.register=true&default.sticky=false&deprecated=false&dubbo=2.0.2&dynamic=false&generic=false&interface=com.ego.dubbo.service.TbItemDubboService&lazy=false&methods=selectAll,updateBy,update,showItem,selectByid,insertItem&pid=14452&qos.enable=false&register=true&register.ip=192.168.9.1&release=2.7.1&remote.application=ego_dubbo&remote.timestamp=1565316792634&revision=1.0-SNAPSHOT&side=consumer&sticky=false&timestamp=1566455621800 to the consumer 192.168.9.1 use dubbo version 2.7.1
Caused by: java.lang.IllegalStateException: Failed to check the status of the service com.ego.dubbo.service.TbItemDubboService. No provider available for the service com.ego.dubbo.service.TbItemDubboService from the url zookeeper://192.168.9.128:2181/org.apache.dubbo.registry.RegistryService?anyhost=true&application=ego_search&bean.name=providers:dubbo:com.ego.dubbo.service.TbItemDubboService&check=false&default.deprecated=false&default.dynamic=false&default.lazy=false&default.register=true&default.sticky=false&deprecated=false&dubbo=2.0.2&dynamic=false&generic=false&interface=com.ego.dubbo.service.TbItemDubboService&lazy=false&methods=selectAll,updateBy,update,showItem,selectByid,insertItem&pid=14452&qos.enable=false&register=true&register.ip=192.168.9.1&release=2.7.1&remote.application=ego_dubbo&remote.timestamp=1565316792634&revision=1.0-SNAPSHOT&side=consumer&sticky=false&timestamp=1566455621800 to the consumer 192.168.9.1 use dubbo version 2.7.1

