<?xml version="1.0" encoding="UTF-8"?>
<testsuite xmlns:xsi="http://www.w3.org/2001/XMLSchema-instance" xsi:noNamespaceSchemaLocation="https://maven.apache.org/surefire/maven-surefire-plugin/xsd/surefire-test-report.xsd" name="com.ego.search.test.SearchTest" time="40.409" tests="1" errors="1" skipped="0" failures="0">
  <properties>
[...]
</properties>
  <testcase name="testSaveBean" classname="com.ego.search.test.SearchTest" time="0.1">
    <error message="Failed to load ApplicationContext" type="java.lang.IllegalStateException"><![CDATA[java.lang.IllegalStateException: Failed to load ApplicationContext
Caused by: org.springframework.beans.factory.UnsatisfiedDependencyException: Error creating bean with name 'searchController': Unsatisfied dependency expressed through field 'searchService'; nested exception is org.springframework.beans.factory.BeanCreationException: Error creating bean with name 'searchServiceImpl': Injection of @org.apache.dubbo.config.annotation.Reference dependencies is failed; nested exception is java.lang.IllegalStateException: Failed to check the status of the service com.ego.dubbo.service.TbItemDubboService. No provider available for the service com.ego.dubbo.service.TbItemDubboService from the url zookeeper://192.168.9.128:2181/org.apache.dubbo.registry.RegistryService?anyhost=true&application=ego_search&bean.name=providers:dubbo:com.ego.dubbo.service.TbItemDubboService&check=false&default.deprecated=false&default.dynamic=false&default.lazy=false&default.register=true&default.sticky=false&deprecated=false&dubbo=2.0.2&dynamic=false&generic=false&interface=com.ego.dubbo.service.TbItemDubboService&lazy=false&methods=selectAll,updateBy,update,showItem,selectByid,insertItem&pid=14452&qos.enable=false&register=true&register.ip=192.168.9.1&release=2.7.1&remote.application=ego_dubbo&remote.timestamp=1565316792634&revision=1.0-SNAPSHOT&side=consumer&sticky=false&timestamp=1566455621800 to the consumer 192.168.9.1 use dubbo version 2.7.1
Caused by: org.springframework.beans.factory.BeanCreationException: Error creating bean with name 'searchServiceImpl': Injection of @org.apache.dubbo.config.annotation.Reference dependencies is failed; nested exception is java.lang.IllegalStateException: Failed to check the status of the service com.ego.dubbo.service.TbItemDubboService. No provider available for the service com.ego.dubbo.service.TbItemDubboService from the url zookeeper://192.168.9.128:2181/org.apache.dubbo.registry.RegistryService?anyhost=true&application=ego_search&bean.name=providers:dubbo:com.ego.dubbo.service.TbItemDubboService&check=false&default.deprecated=false&default.dynamic=false&default.lazy=false&default.register=true&default.sticky=false&deprecated=false&dubbo=2.0.2&dynamic=false&generic=false&interface=com.ego.dubbo.service.TbItemDubboService&lazy=false&methods=selectAll,updateBy,update,showItem,selectByid,insertItem&pid=14452&qos.enable=false&register=true&register.ip=192.168.9.1&release=2.7.1&remote.application=ego_dubbo&remote.timestamp=1565316792634&revision=1.0-SNAPSHOT&side=consumer&sticky=false&timestamp=1566455621800 to the consumer 192.168.9.1 use dubbo version 2.7.1
Caused by: java.lang.IllegalStateException: Failed to check the status of the service com.ego.dubbo.service.TbItemDubboService. No provider available for the service com.ego.dubbo.service.TbItemDubboService from the url zookeeper://192.168.9.128:2181/org.apache.dubbo.registry.RegistryService?anyhost=true&application=ego_search&bean.name=providers:dubbo:com.ego.dubbo.service.TbItemDubboService&check=false&default.deprecated=false&default.dynamic=false&default.lazy=false&default.register=true&default.sticky=false&deprecated=false&dubbo=2.0.2&dynamic=false&generic=false&interface=com.ego.dubbo.service.TbItemDubboService&lazy=false&methods=selectAll,updateBy,update,showItem,selectByid,insertItem&pid=14452&qos.enable=false&register=true&register.ip=192.168.9.1&release=2.7.1&remote.application=ego_dubbo&remote.timestamp=1565316792634&revision=1.0-SNAPSHOT&side=consumer&sticky=false&timestamp=1566455621800 to the consumer 192.168.9.1 use dubbo version 2.7.1
]]></error>
    <system-out><![CDATA[14:33:26.407 [main] DEBUG org.springframework.test.context.junit4.SpringJUnit4ClassRunner - SpringJUnit4ClassRunner constructor called with [class com.ego.search.test.SearchTest]
14:33:26.456 [main] DEBUG org.springframework.test.context.BootstrapUtils - Instantiating CacheAwareContextLoaderDelegate from class [org.springframework.test.context.cache.DefaultCacheAwareContextLoaderDelegate]
14:33:26.572 [main] DEBUG org.springframework.test.context.BootstrapUtils - Instantiating BootstrapContext using constructor [public org.springframework.test.context.support.DefaultBootstrapContext(java.lang.Class,org.springframework.test.context.CacheAwareContextLoaderDelegate)]
14:33:26.643 [main] DEBUG org.springframework.test.context.BootstrapUtils - Instantiating TestContextBootstrapper for test class [com.ego.search.test.SearchTest] from class [org.springframework.boot.test.context.SpringBootTestContextBootstrapper]
14:33:26.785 [main] INFO org.springframework.boot.test.context.SpringBootTestContextBootstrapper - Neither @ContextConfiguration nor @ContextHierarchy found for test class [com.ego.search.test.SearchTest], using SpringBootContextLoader
14:33:26.792 [main] DEBUG org.springframework.test.context.support.AbstractContextLoader - Did not detect default resource location for test class [com.ego.search.test.SearchTest]: class path resource [com/ego/search/test/SearchTest-context.xml] does not exist
14:33:26.793 [main] DEBUG org.springframework.test.context.support.AbstractContextLoader - Did not detect default resource location for test class [com.ego.search.test.SearchTest]: class path resource [com/ego/search/test/SearchTestContext.groovy] does not exist
14:33:26.793 [main] INFO org.springframework.test.context.support.AbstractContextLoader - Could not detect default resource locations for test class [com.ego.search.test.SearchTest]: no resource found for suffixes {-context.xml, Context.groovy}.
14:33:27.292 [main] DEBUG org.springframework.test.context.support.ActiveProfilesUtils - Could not find an 'annotation declaring class' for annotation type [org.springframework.test.context.ActiveProfiles] and class [com.ego.search.test.SearchTest]
14:33:28.442 [main] DEBUG org.springframework.boot.test.context.SpringBootTestContextBootstrapper - @TestExecutionListeners is not present for class [com.ego.search.test.SearchTest]: using defaults.
14:33:28.443 [main] INFO org.springframework.boot.test.context.SpringBootTestContextBootstrapper - Loaded default TestExecutionListener class names from location [META-INF/spring.factories]: [org.springframework.boot.test.mock.mockito.MockitoTestExecutionListener, org.springframework.boot.test.mock.mockito.ResetMocksTestExecutionListener, org.springframework.boot.test.autoconfigure.restdocs.RestDocsTestExecutionListener, org.springframework.boot.test.autoconfigure.web.client.MockRestServiceServerResetTestExecutionListener, org.springframework.boot.test.autoconfigure.web.servlet.MockMvcPrintOnlyOnFailureTestExecutionListener, org.springframework.boot.test.autoconfigure.web.servlet.WebDriverTestExecutionListener, org.springframework.test.context.web.ServletTestExecutionListener, org.springframework.test.context.support.DirtiesContextBeforeModesTestExecutionListener, org.springframework.test.context.support.DependencyInjectionTestExecutionListener, org.springframework.test.context.support.DirtiesContextTestExecutionListener, org.springframework.test.context.transaction.TransactionalTestExecutionListener, org.springframework.test.context.jdbc.SqlScriptsTestExecutionListener]
14:33:28.506 [main] INFO org.springframework.boot.test.context.SpringBootTestContextBootstrapper - Using TestExecutionListeners: [org.springframework.test.context.web.ServletTestExecutionListener@5b8dfcc1, org.springframework.test.context.support.DirtiesContextBeforeModesTestExecutionListener@2f9f7dcf, org.springframework.boot.test.mock.mockito.MockitoTestExecutionListener@747ddf94, org.springframework.boot.test.autoconfigure.SpringBootDependencyInjectionTestExecutionListener@35e2d654, org.springframework.test.context.support.DirtiesContextTestExecutionListener@1bd4fdd, org.springframework.test.context.transaction.TransactionalTestExecutionListener@55183b20, org.springframework.test.context.jdbc.SqlScriptsTestExecutionListener@4f83df68, org.springframework.boot.test.mock.mockito.ResetMocksTestExecutionListener@6cf0e0ba, org.springframework.boot.test.autoconfigure.restdocs.RestDocsTestExecutionListener@7d8995e, org.springframework.boot.test.autoconfigure.web.client.MockRestServiceServerResetTestExecutionListener@130d63be, org.springframework.boot.test.autoconfigure.web.servlet.MockMvcPrintOnlyOnFailureTestExecutionListener@42a48628, org.springframework.boot.test.autoconfigure.web.servlet.WebDriverTestExecutionListener@293a5bf6]
14:33:28.508 [main] DEBUG org.springframework.test.annotation.ProfileValueUtils - Retrieved @ProfileValueSourceConfiguration [null] for test class [com.ego.search.test.SearchTest]
14:33:28.509 [main] DEBUG org.springframework.test.annotation.ProfileValueUtils - Retrieved ProfileValueSource type [class org.springframework.test.annotation.SystemProfileValueSource] for class [com.ego.search.test.SearchTest]
14:33:28.511 [main] DEBUG org.springframework.test.annotation.ProfileValueUtils - Retrieved @ProfileValueSourceConfiguration [null] for test class [com.ego.search.test.SearchTest]
14:33:28.511 [main] DEBUG org.springframework.test.annotation.ProfileValueUtils - Retrieved ProfileValueSource type [class org.springframework.test.annotation.SystemProfileValueSource] for class [com.ego.search.test.SearchTest]
14:33:28.513 [main] DEBUG org.springframework.test.annotation.ProfileValueUtils - Retrieved @ProfileValueSourceConfiguration [null] for test class [com.ego.search.test.SearchTest]
14:33:28.513 [main] DEBUG org.springframework.test.annotation.ProfileValueUtils - Retrieved ProfileValueSource type [class org.springframework.test.annotation.SystemProfileValueSource] for class [com.ego.search.test.SearchTest]
14:33:28.516 [main] DEBUG org.springframework.test.context.support.AbstractDirtiesContextTestExecutionListener - Before test class: context [DefaultTestContext@48f2bd5b testClass = SearchTest, testInstance = [null], testMethod = [null], testException = [null], mergedContextConfiguration = [WebMergedContextConfiguration@7b2bbc3 testClass = SearchTest, locations = '{}', classes = '{class com.ego.SearchApplication, class com.ego.SearchApplication}', contextInitializerClasses = '[]', activeProfiles = '{}', propertySourceLocations = '{}', propertySourceProperties = '{org.springframework.boot.test.context.SpringBootTestContextBootstrapper=true}', contextCustomizers = set[org.springframework.boot.test.context.filter.ExcludeFilterContextCustomizer@4516af24, org.springframework.boot.test.json.DuplicateJsonObjectContextCustomizerFactory$DuplicateJsonObjectContextCustomizer@6d3af739, org.springframework.boot.test.mock.mockito.MockitoContextCustomizer@0, org.springframework.boot.test.web.client.TestRestTemplateContextCustomizer@17baae6e, org.springframework.boot.test.autoconfigure.properties.PropertyMappingContextCustomizer@0, org.springframework.boot.test.autoconfigure.web.servlet.WebDriverContextCustomizerFactory$Customizer@3d8314f0], resourceBasePath = 'src/main/webapp', contextLoader = 'org.springframework.boot.test.context.SpringBootContextLoader', parent = [null]], attributes = map['org.springframework.test.context.web.ServletTestExecutionListener.activateListener' -> true]], class annotated with @DirtiesContext [false] with mode [null].
14:33:28.517 [main] DEBUG org.springframework.test.annotation.ProfileValueUtils - Retrieved @ProfileValueSourceConfiguration [null] for test class [com.ego.search.test.SearchTest]
14:33:28.517 [main] DEBUG org.springframework.test.annotation.ProfileValueUtils - Retrieved ProfileValueSource type [class org.springframework.test.annotation.SystemProfileValueSource] for class [com.ego.search.test.SearchTest]
14:33:28.673 [main] DEBUG org.springframework.test.context.support.TestPropertySourceUtils - Adding inlined properties to environment: {spring.jmx.enabled=false, org.springframework.boot.test.context.SpringBootTestContextBootstrapper=true, server.port=-1}
2019-08-22 14:33:30.414  INFO 14452 --- [           main] d.s.b.c.e.WelcomeLogoApplicationListener : 

 :: Dubbo Spring Boot (v2.7.1) : https://github.com/apache/incubator-dubbo-spring-boot-project
 :: Dubbo (v2.7.1) : https://github.com/apache/incubator-dubbo
 :: Discuss group : dev@dubbo.apache.org

2019-08-22 14:33:30.434  INFO 14452 --- [           main] e.OverrideDubboConfigApplicationListener : Dubbo Config was overridden by externalized configuration {dubbo.application.name=ego_search, dubbo.application.qos-enable=false, dubbo.config.multiple=true, dubbo.registry.address=zookeeper://192.168.9.128:2181}

  .   ____          _            __ _ _
 /\\ / ___'_ __ _ _(_)_ __  __ _ \ \ \ \
( ( )\___ | '_ | '_| | '_ \/ _` | \ \ \ \
 \\/  ___)| |_)| | | | | || (_| |  ) ) ) )
  '  |____| .__|_| |_|_| |_\__, | / / / /
 =========|_|==============|___/=/_/_/_/
 :: Spring Boot ::        (v2.1.6.RELEASE)

2019-08-22 14:33:31.436  INFO 14452 --- [           main] com.ego.search.test.SearchTest           : Starting SearchTest on LAPTOP-4INE4OLJ with PID 14452 (started by 13218 in D:\IDEA-Workspace\ego_parent\ego_search)
2019-08-22 14:33:31.437  INFO 14452 --- [           main] com.ego.search.test.SearchTest           : No active profile set, falling back to default profiles: default
2019-08-22 14:33:34.652  INFO 14452 --- [           main] .a.d.c.s.c.a.DubboConfigBindingRegistrar : The dubbo config bean definition [name : org.apache.dubbo.config.ApplicationConfig#0, class : org.apache.dubbo.config.ApplicationConfig] has been registered.
2019-08-22 14:33:34.653  INFO 14452 --- [           main] .a.d.c.s.c.a.DubboConfigBindingRegistrar : The BeanPostProcessor bean definition [org.apache.dubbo.config.spring.beans.factory.annotation.DubboConfigBindingBeanPostProcessor] for dubbo config bean [name : org.apache.dubbo.config.ApplicationConfig#0] has been registered.
2019-08-22 14:33:34.653  INFO 14452 --- [           main] .a.d.c.s.c.a.DubboConfigBindingRegistrar : The dubbo config bean definition [name : org.apache.dubbo.config.RegistryConfig#0, class : org.apache.dubbo.config.RegistryConfig] has been registered.
2019-08-22 14:33:34.653  INFO 14452 --- [           main] .a.d.c.s.c.a.DubboConfigBindingRegistrar : The BeanPostProcessor bean definition [org.apache.dubbo.config.spring.beans.factory.annotation.DubboConfigBindingBeanPostProcessor] for dubbo config bean [name : org.apache.dubbo.config.RegistryConfig#0] has been registered.
2019-08-22 14:33:34.733  INFO 14452 --- [           main] .s.d.r.c.RepositoryConfigurationDelegate : Bootstrapping Spring Data repositories in DEFAULT mode.
2019-08-22 14:33:34.937  INFO 14452 --- [           main] .s.d.r.c.RepositoryConfigurationDelegate : Finished Spring Data repository scanning in 40ms. Found 0 repository interfaces.
2019-08-22 14:33:36.961  INFO 14452 --- [           main] trationDelegate$BeanPostProcessorChecker : Bean 'org.apache.dubbo.spring.boot.autoconfigure.DubboRelaxedBinding2AutoConfiguration' of type [org.apache.dubbo.spring.boot.autoconfigure.DubboRelaxedBinding2AutoConfiguration$$EnhancerBySpringCGLIB$$58a85bb8] is not eligible for getting processed by all BeanPostProcessors (for example: not eligible for auto-proxying)
2019-08-22 14:33:36.974  INFO 14452 --- [           main] trationDelegate$BeanPostProcessorChecker : Bean 'relaxedDubboConfigBinder' of type [org.apache.dubbo.spring.boot.autoconfigure.BinderDubboConfigBinder] is not eligible for getting processed by all BeanPostProcessors (for example: not eligible for auto-proxying)
2019-08-22 14:33:36.979  INFO 14452 --- [           main] trationDelegate$BeanPostProcessorChecker : Bean 'relaxedDubboConfigBinder' of type [org.apache.dubbo.spring.boot.autoconfigure.BinderDubboConfigBinder] is not eligible for getting processed by all BeanPostProcessors (for example: not eligible for auto-proxying)
2019-08-22 14:33:41.721  INFO 14452 --- [           main] .f.a.DubboConfigBindingBeanPostProcessor : The properties of bean [name : org.apache.dubbo.config.ApplicationConfig#0] have been binding by prefix of configuration properties : dubbo.application
2019-08-22 14:33:41.732  INFO 14452 --- [           main] .f.a.DubboConfigBindingBeanPostProcessor : The properties of bean [name : org.apache.dubbo.config.RegistryConfig#0] have been binding by prefix of configuration properties : dubbo.registry
2019-08-22 14:33:41.734  INFO 14452 --- [           main] o.a.d.c.s.b.f.a.ReferenceBeanBuilder     : The bean[type:ReferenceBean] has been built.
2019-08-22 14:33:42.338  INFO 14452 --- [           main] org.apache.curator.utils.Compatibility   : Running in ZooKeeper 3.4.x compatibility mode
2019-08-22 14:33:42.339  INFO 14452 --- [           main] org.apache.curator.utils.Compatibility   : Using emulated InjectSessionExpiration
2019-08-22 14:33:42.501  INFO 14452 --- [           main] o.a.c.f.imps.CuratorFrameworkImpl        : Starting
2019-08-22 14:33:58.062  INFO 14452 --- [           main] org.apache.zookeeper.ZooKeeper           : Client environment:zookeeper.version=3.4.8--1, built on 02/06/2016 03:18 GMT
2019-08-22 14:33:58.063  INFO 14452 --- [           main] org.apache.zookeeper.ZooKeeper           : Client environment:host.name=LAPTOP-4INE4OLJ
2019-08-22 14:33:58.063  INFO 14452 --- [           main] org.apache.zookeeper.ZooKeeper           : Client environment:java.version=1.8.0_171
2019-08-22 14:33:58.063  INFO 14452 --- [           main] org.apache.zookeeper.ZooKeeper           : Client environment:java.vendor=Oracle Corporation
2019-08-22 14:33:58.063  INFO 14452 --- [           main] org.apache.zookeeper.ZooKeeper           : Client environment:java.home=D:\jdk8\jdk1.8.0_171\jre
2019-08-22 14:33:58.063  INFO 14452 --- [           main] org.apache.zookeeper.ZooKeeper           : Client environment:java.class.path=D:\IDEA-Workspace\ego_parent\ego_search\target\test-classes;D:\IDEA-Workspace\ego_parent\ego_search\target\classes;D:\maven\r2\myrepository\org\springframework\boot\spring-boot-starter-data-solr\2.1.6.RELEASE\spring-boot-starter-data-solr-2.1.6.RELEASE.jar;D:\maven\r2\myrepository\org\springframework\boot\spring-boot-starter\2.1.6.RELEASE\spring-boot-starter-2.1.6.RELEASE.jar;D:\maven\r2\myrepository\org\springframework\boot\spring-boot\2.1.6.RELEASE\spring-boot-2.1.6.RELEASE.jar;D:\maven\r2\myrepository\org\springframework\boot\spring-boot-autoconfigure\2.1.6.RELEASE\spring-boot-autoconfigure-2.1.6.RELEASE.jar;D:\maven\r2\myrepository\org\springframework\boot\spring-boot-starter-logging\2.1.6.RELEASE\spring-boot-starter-logging-2.1.6.RELEASE.jar;D:\maven\r2\myrepository\ch\qos\logback\logback-classic\1.2.3\logback-classic-1.2.3.jar;D:\maven\r2\myrepository\ch\qos\logback\logback-core\1.2.3\logback-core-1.2.3.jar;D:\maven\r2\myrepository\org\apache\logging\log4j\log4j-to-slf4j\2.11.2\log4j-to-slf4j-2.11.2.jar;D:\maven\r2\myrepository\org\apache\logging\log4j\log4j-api\2.11.2\log4j-api-2.11.2.jar;D:\maven\r2\myrepository\org\slf4j\jul-to-slf4j\1.7.26\jul-to-slf4j-1.7.26.jar;D:\maven\r2\myrepository\javax\annotation\javax.annotation-api\1.3.2\javax.annotation-api-1.3.2.jar;D:\maven\r2\myrepository\org\apache\solr\solr-solrj\7.7.2\solr-solrj-7.7.2.jar;D:\maven\r2\myrepository\commons-io\commons-io\2.5\commons-io-2.5.jar;D:\maven\r2\myrepository\org\apache\commons\commons-math3\3.6.1\commons-math3-3.6.1.jar;D:\maven\r2\myrepository\org\apache\httpcomponents\httpclient\4.5.9\httpclient-4.5.9.jar;D:\maven\r2\myrepository\org\apache\httpcomponents\httpcore\4.4.11\httpcore-4.4.11.jar;D:\maven\r2\myrepository\org\codehaus\woodstox\stax2-api\3.1.4\stax2-api-3.1.4.jar;D:\maven\r2\myrepository\org\codehaus\woodstox\woodstox-core-asl\4.4.1\woodstox-core-asl-4.4.1.jar;D:\maven\r2\myrepository\org\noggit\noggit\0.8\noggit-0.8.jar;D:\maven\r2\myrepository\org\springframework\data\spring-data-solr\4.0.9.RELEASE\spring-data-solr-4.0.9.RELEASE.jar;D:\maven\r2\myrepository\org\springframework\spring-tx\5.1.8.RELEASE\spring-tx-5.1.8.RELEASE.jar;D:\maven\r2\myrepository\org\springframework\data\spring-data-commons\2.1.9.RELEASE\spring-data-commons-2.1.9.RELEASE.jar;D:\maven\r2\myrepository\org\apache\commons\commons-lang3\3.8.1\commons-lang3-3.8.1.jar;D:\maven\r2\myrepository\com\fasterxml\jackson\core\jackson-databind\2.9.9\jackson-databind-2.9.9.jar;D:\maven\r2\myrepository\com\fasterxml\jackson\core\jackson-annotations\2.9.0\jackson-annotations-2.9.0.jar;D:\maven\r2\myrepository\com\fasterxml\jackson\core\jackson-core\2.9.9\jackson-core-2.9.9.jar;D:\maven\r2\myrepository\org\apache\httpcomponents\httpmime\4.5.9\httpmime-4.5.9.jar;D:\IDEA-Workspace\ego_parent\ego_service\target\ego_service-1.0-SNAPSHOT.jar;D:\IDEA-Workspace\ego_parent\ego_pojo\target\ego_pojo-1.0-SNAPSHOT.jar;D:\IDEA-Workspace\ego_parent\ego_commons\target\ego_commons-1.0-SNAPSHOT.jar;D:\maven\r2\myrepository\commons-net\commons-net\3.6\commons-net-3.6.jar;D:\maven\r2\myrepository\com\github\pagehelper\pagehelper-spring-boot-starter\1.2.12\pagehelper-spring-boot-starter-1.2.12.jar;D:\maven\r2\myrepository\org\mybatis\spring\boot\mybatis-spring-boot-starter\2.1.0\mybatis-spring-boot-starter-2.1.0.jar;D:\maven\r2\myrepository\org\springframework\boot\spring-boot-starter-jdbc\2.1.6.RELEASE\spring-boot-starter-jdbc-2.1.6.RELEASE.jar;D:\maven\r2\myrepository\com\zaxxer\HikariCP\3.2.0\HikariCP-3.2.0.jar;D:\maven\r2\myrepository\org\springframework\spring-jdbc\5.1.8.RELEASE\spring-jdbc-5.1.8.RELEASE.jar;D:\maven\r2\myrepository\org\mybatis\spring\boot\mybatis-spring-boot-autoconfigure\2.1.0\mybatis-spring-boot-autoconfigure-2.1.0.jar;D:\maven\r2\myrepository\org\mybatis\mybatis\3.5.2\mybatis-3.5.2.jar;D:\maven\r2\myrepository\org\mybatis\mybatis-spring\2.0.2\mybatis-spring-2.0.2.jar;D:\maven\r2\myrepository\com\github\pagehelper\pagehelper-spring-boot-autoconfigure\1.2.12\pagehelper-spring-boot-autoconfigure-1.2.12.jar;D:\maven\r2\myrepository\com\github\pagehelper\pagehelper\5.1.10\pagehelper-5.1.10.jar;D:\maven\r2\myrepository\com\github\jsqlparser\jsqlparser\2.0\jsqlparser-2.0.jar;D:\maven\r2\myrepository\org\springframework\boot\spring-boot-starter-test\2.1.6.RELEASE\spring-boot-starter-test-2.1.6.RELEASE.jar;D:\maven\r2\myrepository\org\springframework\boot\spring-boot-test\2.1.6.RELEASE\spring-boot-test-2.1.6.RELEASE.jar;D:\maven\r2\myrepository\org\springframework\boot\spring-boot-test-autoconfigure\2.1.6.RELEASE\spring-boot-test-autoconfigure-2.1.6.RELEASE.jar;D:\maven\r2\myrepository\com\jayway\jsonpath\json-path\2.4.0\json-path-2.4.0.jar;D:\maven\r2\myrepository\net\minidev\json-smart\2.3\json-smart-2.3.jar;D:\maven\r2\myrepository\net\minidev\accessors-smart\1.2\accessors-smart-1.2.jar;D:\maven\r2\myrepository\org\ow2\asm\asm\5.0.4\asm-5.0.4.jar;D:\maven\r2\myrepository\junit\junit\4.12\junit-4.12.jar;D:\maven\r2\myrepository\org\assertj\assertj-core\3.11.1\assertj-core-3.11.1.jar;D:\maven\r2\myrepository\org\mockito\mockito-core\2.23.4\mockito-core-2.23.4.jar;D:\maven\r2\myrepository\net\bytebuddy\byte-buddy\1.9.13\byte-buddy-1.9.13.jar;D:\maven\r2\myrepository\net\bytebuddy\byte-buddy-agent\1.9.13\byte-buddy-agent-1.9.13.jar;D:\maven\r2\myrepository\org\objenesis\objenesis\2.6\objenesis-2.6.jar;D:\maven\r2\myrepository\org\hamcrest\hamcrest-core\1.3\hamcrest-core-1.3.jar;D:\maven\r2\myrepository\org\hamcrest\hamcrest-library\1.3\hamcrest-library-1.3.jar;D:\maven\r2\myrepository\org\skyscreamer\jsonassert\1.5.0\jsonassert-1.5.0.jar;D:\maven\r2\myrepository\com\vaadin\external\google\android-json\0.0.20131108.vaadin1\android-json-0.0.20131108.vaadin1.jar;D:\maven\r2\myrepository\org\springframework\spring-core\5.1.8.RELEASE\spring-core-5.1.8.RELEASE.jar;D:\maven\r2\myrepository\org\springframework\spring-jcl\5.1.8.RELEASE\spring-jcl-5.1.8.RELEASE.jar;D:\maven\r2\myrepository\org\springframework\spring-test\5.1.8.RELEASE\spring-test-5.1.8.RELEASE.jar;D:\maven\r2\myrepository\org\xmlunit\xmlunit-core\2.6.2\xmlunit-core-2.6.2.jar;D:\maven\r2\myrepository\javax\servlet\jstl\1.2\jstl-1.2.jar;D:\maven\r2\myrepository\org\apache\tomcat\embed\tomcat-embed-jasper\9.0.21\tomcat-embed-jasper-9.0.21.jar;D:\maven\r2\myrepository\org\apache\tomcat\embed\tomcat-embed-core\9.0.21\tomcat-embed-core-9.0.21.jar;D:\maven\r2\myrepository\org\apache\tomcat\tomcat-annotations-api\9.0.21\tomcat-annotations-api-9.0.21.jar;D:\maven\r2\myrepository\org\apache\tomcat\embed\tomcat-embed-el\9.0.21\tomcat-embed-el-9.0.21.jar;D:\maven\r2\myrepository\org\eclipse\jdt\ecj\3.16.0\ecj-3.16.0.jar;D:\maven\r2\myrepository\org\springframework\boot\spring-boot-starter-web\2.1.6.RELEASE\spring-boot-starter-web-2.1.6.RELEASE.jar;D:\maven\r2\myrepository\org\springframework\boot\spring-boot-starter-json\2.1.6.RELEASE\spring-boot-starter-json-2.1.6.RELEASE.jar;D:\maven\r2\myrepository\com\fasterxml\jackson\datatype\jackson-datatype-jdk8\2.9.9\jackson-datatype-jdk8-2.9.9.jar;D:\maven\r2\myrepository\com\fasterxml\jackson\datatype\jackson-datatype-jsr310\2.9.9\jackson-datatype-jsr310-2.9.9.jar;D:\maven\r2\myrepository\com\fasterxml\jackson\module\jackson-module-parameter-names\2.9.9\jackson-module-parameter-names-2.9.9.jar;D:\maven\r2\myrepository\org\springframework\boot\spring-boot-starter-tomcat\2.1.6.RELEASE\spring-boot-starter-tomcat-2.1.6.RELEASE.jar;D:\maven\r2\myrepository\org\apache\tomcat\embed\tomcat-embed-websocket\9.0.21\tomcat-embed-websocket-9.0.21.jar;D:\maven\r2\myrepository\org\hibernate\validator\hibernate-validator\6.0.17.Final\hibernate-validator-6.0.17.Final.jar;D:\maven\r2\myrepository\javax\validation\validation-api\2.0.1.Final\validation-api-2.0.1.Final.jar;D:\maven\r2\myrepository\org\jboss\logging\jboss-logging\3.3.2.Final\jboss-logging-3.3.2.Final.jar;D:\maven\r2\myrepository\com\fasterxml\classmate\1.4.0\classmate-1.4.0.jar;D:\maven\r2\myrepository\org\springframework\spring-web\5.1.8.RELEASE\spring-web-5.1.8.RELEASE.jar;D:\maven\r2\myrepository\org\springframework\spring-beans\5.1.8.RELEASE\spring-beans-5.1.8.RELEASE.jar;D:\maven\r2\myrepository\org\springframework\spring-webmvc\5.1.8.RELEASE\spring-webmvc-5.1.8.RELEASE.jar;D:\maven\r2\myrepository\org\springframework\spring-aop\5.1.8.RELEASE\spring-aop-5.1.8.RELEASE.jar;D:\maven\r2\myrepository\org\springframework\spring-expression\5.1.8.RELEASE\spring-expression-5.1.8.RELEASE.jar;D:\maven\r2\myrepository\org\apache\dubbo\dubbo-spring-boot-starter\2.7.1\dubbo-spring-boot-starter-2.7.1.jar;D:\maven\r2\myrepository\org\apache\dubbo\dubbo-spring-boot-autoconfigure\2.7.1\dubbo-spring-boot-autoconfigure-2.7.1.jar;D:\maven\r2\myrepository\org\apache\dubbo\dubbo-spring-boot-autoconfigure-compatible\2.7.1\dubbo-spring-boot-autoconfigure-compatible-2.7.1.jar;D:\maven\r2\myrepository\org\apache\dubbo\dubbo\2.7.1\dubbo-2.7.1.jar;D:\maven\r2\myrepository\org\springframework\spring-context\5.1.8.RELEASE\spring-context-5.1.8.RELEASE.jar;D:\maven\r2\myrepository\org\javassist\javassist\3.20.0-GA\javassist-3.20.0-GA.jar;D:\maven\r2\myrepository\io\netty\netty-all\4.1.36.Final\netty-all-4.1.36.Final.jar;D:\maven\r2\myrepository\com\google\code\gson\gson\2.8.5\gson-2.8.5.jar;D:\maven\r2\myrepository\org\yaml\snakeyaml\1.23\snakeyaml-1.23.jar;D:\maven\r2\myrepository\org\apache\curator\curator-framework\4.2.0\curator-framework-4.2.0.jar;D:\maven\r2\myrepository\org\apache\curator\curator-client\4.2.0\curator-client-4.2.0.jar;D:\maven\r2\myrepository\com\google\guava\guava\27.0.1-jre\guava-27.0.1-jre.jar;D:\maven\r2\myrepository\com\google\guava\failureaccess\1.0.1\failureaccess-1.0.1.jar;D:\maven\r2\myrepository\com\google\guava\listenablefuture\9999.0-empty-to-avoid-conflict-with-guava\listenablefuture-9999.0-empty-to-avoid-conflict-with-guava.jar;D:\maven\r2\myrepository\com\google\code\findbugs\jsr305\3.0.2\jsr305-3.0.2.jar;D:\maven\r2\myrepository\org\checkerframework\checker-qual\2.5.2\checker-qual-2.5.2.jar;D:\maven\r2\myrepository\com\google\errorprone\error_prone_annotations\2.2.0\error_prone_annotations-2.2.0.jar;D:\maven\r2\myrepository\com\google\j2objc\j2objc-annotations\1.1\j2objc-annotations-1.1.jar;D:\maven\r2\myrepository\org\codehaus\mojo\animal-sniffer-annotations\1.17\animal-sniffer-annotations-1.17.jar;D:\maven\r2\myrepository\org\apache\zookeeper\zookeeper\3.4.8\zookeeper-3.4.8.jar;D:\maven\r2\myrepository\org\slf4j\slf4j-api\1.7.26\slf4j-api-1.7.26.jar;D:\maven\r2\myrepository\org\slf4j\slf4j-log4j12\1.7.26\slf4j-log4j12-1.7.26.jar;D:\maven\r2\myrepository\log4j\log4j\1.2.16\log4j-1.2.16.jar;D:\maven\r2\myrepository\jline\jline\0.9.94\jline-0.9.94.jar;D:\maven\r2\myrepository\io\netty\netty\3.7.0.Final\netty-3.7.0.Final.jar;D:\maven\r2\myrepository\org\apache\curator\curator-recipes\4.2.0\curator-recipes-4.2.0.jar;
2019-08-22 14:33:58.065  INFO 14452 --- [           main] org.apache.zookeeper.ZooKeeper           : Client environment:java.library.path=D:\jdk8\jdk1.8.0_171\jre\bin;C:\windows\Sun\Java\bin;C:\windows\system32;C:\windows;D:\jdk8\jdk1.8.0_171\bin;D:\Oraclexe\app\oracle\product\11.2.0\server\bin;C:\windows\system32;C:\windows;C:\windows\System32\Wbem;C:\windows\System32\WindowsPowerShell\v1.0\;C:\windows\System32\OpenSSH\;C:\Program Files (x86)\NVIDIA Corporation\PhysX\Common;C:\Program Files\Intel\WiFi\bin\;C:\Program Files\Common Files\Intel\WirelessCommon\;D:\Notepad++;C:\Program Files\MySQL\MySQL Server 5.7\bin;C:\Users\13218\AppData\Local\Microsoft\WindowsApps;;.
2019-08-22 14:33:58.065  INFO 14452 --- [           main] org.apache.zookeeper.ZooKeeper           : Client environment:java.io.tmpdir=C:\Users\13218\AppData\Local\Temp\
2019-08-22 14:33:58.065  INFO 14452 --- [           main] org.apache.zookeeper.ZooKeeper           : Client environment:java.compiler=<NA>
2019-08-22 14:33:58.065  INFO 14452 --- [           main] org.apache.zookeeper.ZooKeeper           : Client environment:os.name=Windows 10
2019-08-22 14:33:58.065  INFO 14452 --- [           main] org.apache.zookeeper.ZooKeeper           : Client environment:os.arch=amd64
2019-08-22 14:33:58.065  INFO 14452 --- [           main] org.apache.zookeeper.ZooKeeper           : Client environment:os.version=10.0
2019-08-22 14:33:58.065  INFO 14452 --- [           main] org.apache.zookeeper.ZooKeeper           : Client environment:user.name=13218
2019-08-22 14:33:58.065  INFO 14452 --- [           main] org.apache.zookeeper.ZooKeeper           : Client environment:user.home=C:\Users\13218
2019-08-22 14:33:58.065  INFO 14452 --- [           main] org.apache.zookeeper.ZooKeeper           : Client environment:user.dir=D:\IDEA-Workspace\ego_parent\ego_search
2019-08-22 14:33:58.066  INFO 14452 --- [           main] org.apache.zookeeper.ZooKeeper           : Initiating client connection, connectString=192.168.9.128:2181 sessionTimeout=60000 watcher=org.apache.curator.ConnectionState@6cd5122d
2019-08-22 14:33:58.475  INFO 14452 --- [           main] o.a.c.f.imps.CuratorFrameworkImpl        : Default schema
2019-08-22 14:33:58.520  INFO 14452 --- [168.9.128:2181)] org.apache.zookeeper.ClientCnxn          : Opening socket connection to server 192.168.9.128/192.168.9.128:2181. Will not attempt to authenticate using SASL (unknown error)
2019-08-22 14:33:58.522  INFO 14452 --- [168.9.128:2181)] org.apache.zookeeper.ClientCnxn          : Socket connection established to 192.168.9.128/192.168.9.128:2181, initiating session
2019-08-22 14:33:58.609  INFO 14452 --- [168.9.128:2181)] org.apache.zookeeper.ClientCnxn          : Session establishment complete on server 192.168.9.128/192.168.9.128:2181, sessionid = 0x16cb9bd00db0000, negotiated timeout = 40000
2019-08-22 14:33:58.628  INFO 14452 --- [ain-EventThread] o.a.c.f.state.ConnectionStateManager     : State change: CONNECTED
2019-08-22 14:34:05.503  WARN 14452 --- [           main] o.s.w.c.s.GenericWebApplicationContext   : Exception encountered during context initialization - cancelling refresh attempt: org.springframework.beans.factory.UnsatisfiedDependencyException: Error creating bean with name 'searchController': Unsatisfied dependency expressed through field 'searchService'; nested exception is org.springframework.beans.factory.BeanCreationException: Error creating bean with name 'searchServiceImpl': Injection of @org.apache.dubbo.config.annotation.Reference dependencies is failed; nested exception is java.lang.IllegalStateException: Failed to check the status of the service com.ego.dubbo.service.TbItemDubboService. No provider available for the service com.ego.dubbo.service.TbItemDubboService from the url zookeeper://192.168.9.128:2181/org.apache.dubbo.registry.RegistryService?anyhost=true&application=ego_search&bean.name=providers:dubbo:com.ego.dubbo.service.TbItemDubboService&check=false&default.deprecated=false&default.dynamic=false&default.lazy=false&default.register=true&default.sticky=false&deprecated=false&dubbo=2.0.2&dynamic=false&generic=false&interface=com.ego.dubbo.service.TbItemDubboService&lazy=false&methods=selectAll,updateBy,update,showItem,selectByid,insertItem&pid=14452&qos.enable=false&register=true&register.ip=192.168.9.1&release=2.7.1&remote.application=ego_dubbo&remote.timestamp=1565316792634&revision=1.0-SNAPSHOT&side=consumer&sticky=false&timestamp=1566455621800 to the consumer 192.168.9.1 use dubbo version 2.7.1
2019-08-22 14:34:05.525  INFO 14452 --- [           main] f.a.ReferenceAnnotationBeanPostProcessor : class org.apache.dubbo.config.spring.beans.factory.annotation.ReferenceAnnotationBeanPostProcessor was destroying!
2019-08-22 14:34:05.603  INFO 14452 --- [           main] ConditionEvaluationReportLoggingListener : 

Error starting ApplicationContext. To display the conditions report re-run your application with 'debug' enabled.
2019-08-22 14:34:05.642 ERROR 14452 --- [           main] o.s.boot.SpringApplication               : Application run failed

org.springframework.beans.factory.UnsatisfiedDependencyException: Error creating bean with name 'searchController': Unsatisfied dependency expressed through field 'searchService'; nested exception is org.springframework.beans.factory.BeanCreationException: Error creating bean with name 'searchServiceImpl': Injection of @org.apache.dubbo.config.annotation.Reference dependencies is failed; nested exception is java.lang.IllegalStateException: Failed to check the status of the service com.ego.dubbo.service.TbItemDubboService. No provider available for the service com.ego.dubbo.service.TbItemDubboService from the url zookeeper://192.168.9.128:2181/org.apache.dubbo.registry.RegistryService?anyhost=true&application=ego_search&bean.name=providers:dubbo:com.ego.dubbo.service.TbItemDubboService&check=false&default.deprecated=false&default.dynamic=false&default.lazy=false&default.register=true&default.sticky=false&deprecated=false&dubbo=2.0.2&dynamic=false&generic=false&interface=com.ego.dubbo.service.TbItemDubboService&lazy=false&methods=selectAll,updateBy,update,showItem,selectByid,insertItem&pid=14452&qos.enable=false&register=true&register.ip=192.168.9.1&release=2.7.1&remote.application=ego_dubbo&remote.timestamp=1565316792634&revision=1.0-SNAPSHOT&side=consumer&sticky=false&timestamp=1566455621800 to the consumer 192.168.9.1 use dubbo version 2.7.1
	at org.springframework.beans.factory.annotation.AutowiredAnnotationBeanPostProcessor$AutowiredFieldElement.inject(AutowiredAnnotationBeanPostProcessor.java:596) ~[spring-beans-5.1.8.RELEASE.jar:5.1.8.RELEASE]
	at org.springframework.beans.factory.annotation.InjectionMetadata.inject(InjectionMetadata.java:90) ~[spring-beans-5.1.8.RELEASE.jar:5.1.8.RELEASE]
	at org.springframework.beans.factory.annotation.AutowiredAnnotationBeanPostProcessor.postProcessProperties(AutowiredAnnotationBeanPostProcessor.java:374) ~[spring-beans-5.1.8.RELEASE.jar:5.1.8.RELEASE]
	at org.springframework.beans.factory.support.AbstractAutowireCapableBeanFactory.populateBean(AbstractAutowireCapableBeanFactory.java:1411) ~[spring-beans-5.1.8.RELEASE.jar:5.1.8.RELEASE]
	at org.springframework.beans.factory.support.AbstractAutowireCapableBeanFactory.doCreateBean(AbstractAutowireCapableBeanFactory.java:592) ~[spring-beans-5.1.8.RELEASE.jar:5.1.8.RELEASE]
	at org.springframework.beans.factory.support.AbstractAutowireCapableBeanFactory.createBean(AbstractAutowireCapableBeanFactory.java:515) ~[spring-beans-5.1.8.RELEASE.jar:5.1.8.RELEASE]
	at org.springframework.beans.factory.support.AbstractBeanFactory.lambda$doGetBean$0(AbstractBeanFactory.java:320) ~[spring-beans-5.1.8.RELEASE.jar:5.1.8.RELEASE]
	at org.springframework.beans.factory.support.DefaultSingletonBeanRegistry.getSingleton(DefaultSingletonBeanRegistry.java:222) ~[spring-beans-5.1.8.RELEASE.jar:5.1.8.RELEASE]
	at org.springframework.beans.factory.support.AbstractBeanFactory.doGetBean(AbstractBeanFactory.java:318) ~[spring-beans-5.1.8.RELEASE.jar:5.1.8.RELEASE]
	at org.springframework.beans.factory.support.AbstractBeanFactory.getBean(AbstractBeanFactory.java:199) ~[spring-beans-5.1.8.RELEASE.jar:5.1.8.RELEASE]
	at org.springframework.beans.factory.support.DefaultListableBeanFactory.preInstantiateSingletons(DefaultListableBeanFactory.java:845) ~[spring-beans-5.1.8.RELEASE.jar:5.1.8.RELEASE]
	at org.springframework.context.support.AbstractApplicationContext.finishBeanFactoryInitialization(AbstractApplicationContext.java:877) ~[spring-context-5.1.8.RELEASE.jar:5.1.8.RELEASE]
	at org.springframework.context.support.AbstractApplicationContext.refresh(AbstractApplicationContext.java:549) ~[spring-context-5.1.8.RELEASE.jar:5.1.8.RELEASE]
	at org.springframework.boot.SpringApplication.refresh(SpringApplication.java:742) ~[spring-boot-2.1.6.RELEASE.jar:2.1.6.RELEASE]
	at org.springframework.boot.SpringApplication.refreshContext(SpringApplication.java:389) ~[spring-boot-2.1.6.RELEASE.jar:2.1.6.RELEASE]
	at org.springframework.boot.SpringApplication.run(SpringApplication.java:311) ~[spring-boot-2.1.6.RELEASE.jar:2.1.6.RELEASE]
	at org.springframework.boot.test.context.SpringBootContextLoader.loadContext(SpringBootContextLoader.java:119) [spring-boot-test-2.1.6.RELEASE.jar:2.1.6.RELEASE]
	at org.springframework.test.context.cache.DefaultCacheAwareContextLoaderDelegate.loadContextInternal(DefaultCacheAwareContextLoaderDelegate.java:99) [spring-test-5.1.8.RELEASE.jar:5.1.8.RELEASE]
	at org.springframework.test.context.cache.DefaultCacheAwareContextLoaderDelegate.loadContext(DefaultCacheAwareContextLoaderDelegate.java:117) [spring-test-5.1.8.RELEASE.jar:5.1.8.RELEASE]
	at org.springframework.test.context.support.DefaultTestContext.getApplicationContext(DefaultTestContext.java:108) [spring-test-5.1.8.RELEASE.jar:5.1.8.RELEASE]
	at org.springframework.test.context.web.ServletTestExecutionListener.setUpRequestContextIfNecessary(ServletTestExecutionListener.java:190) [spring-test-5.1.8.RELEASE.jar:5.1.8.RELEASE]
	at org.springframework.test.context.web.ServletTestExecutionListener.prepareTestInstance(ServletTestExecutionListener.java:132) [spring-test-5.1.8.RELEASE.jar:5.1.8.RELEASE]
	at org.springframework.test.context.TestContextManager.prepareTestInstance(TestContextManager.java:246) [spring-test-5.1.8.RELEASE.jar:5.1.8.RELEASE]
	at org.springframework.test.context.junit4.SpringJUnit4ClassRunner.createTest(SpringJUnit4ClassRunner.java:227) [spring-test-5.1.8.RELEASE.jar:5.1.8.RELEASE]
	at org.springframework.test.context.junit4.SpringJUnit4ClassRunner$1.runReflectiveCall(SpringJUnit4ClassRunner.java:289) [spring-test-5.1.8.RELEASE.jar:5.1.8.RELEASE]
	at org.junit.internal.runners.model.ReflectiveCallable.run(ReflectiveCallable.java:12) [junit-4.12.jar:4.12]
	at org.springframework.test.context.junit4.SpringJUnit4ClassRunner.methodBlock(SpringJUnit4ClassRunner.java:291) [spring-test-5.1.8.RELEASE.jar:5.1.8.RELEASE]
	at org.springframework.test.context.junit4.SpringJUnit4ClassRunner.runChild(SpringJUnit4ClassRunner.java:246) [spring-test-5.1.8.RELEASE.jar:5.1.8.RELEASE]
	at org.springframework.test.context.junit4.SpringJUnit4ClassRunner.runChild(SpringJUnit4ClassRunner.java:97) [spring-test-5.1.8.RELEASE.jar:5.1.8.RELEASE]
	at org.junit.runners.ParentRunner$3.run(ParentRunner.java:290) [junit-4.12.jar:4.12]
	at org.junit.runners.ParentRunner$1.schedule(ParentRunner.java:71) [junit-4.12.jar:4.12]
	at org.junit.runners.ParentRunner.runChildren(ParentRunner.java:288) [junit-4.12.jar:4.12]
	at org.junit.runners.ParentRunner.access$000(ParentRunner.java:58) [junit-4.12.jar:4.12]
	at org.junit.runners.ParentRunner$2.evaluate(ParentRunner.java:268) [junit-4.12.jar:4.12]
	at org.springframework.test.context.junit4.statements.RunBeforeTestClassCallbacks.evaluate(RunBeforeTestClassCallbacks.java:61) [spring-test-5.1.8.RELEASE.jar:5.1.8.RELEASE]
	at org.springframework.test.context.junit4.statements.RunAfterTestClassCallbacks.evaluate(RunAfterTestClassCallbacks.java:70) [spring-test-5.1.8.RELEASE.jar:5.1.8.RELEASE]
	at org.junit.runners.ParentRunner.run(ParentRunner.java:363) [junit-4.12.jar:4.12]
	at org.springframework.test.context.junit4.SpringJUnit4ClassRunner.run(SpringJUnit4ClassRunner.java:190) [spring-test-5.1.8.RELEASE.jar:5.1.8.RELEASE]
	at org.apache.maven.surefire.junit4.JUnit4Provider.execute(JUnit4Provider.java:365) [surefire-junit4-2.22.2.jar:2.22.2]
	at org.apache.maven.surefire.junit4.JUnit4Provider.executeWithRerun(JUnit4Provider.java:273) [surefire-junit4-2.22.2.jar:2.22.2]
	at org.apache.maven.surefire.junit4.JUnit4Provider.executeTestSet(JUnit4Provider.java:238) [surefire-junit4-2.22.2.jar:2.22.2]
	at org.apache.maven.surefire.junit4.JUnit4Provider.invoke(JUnit4Provider.java:159) [surefire-junit4-2.22.2.jar:2.22.2]
	at org.apache.maven.surefire.booter.ForkedBooter.invokeProviderInSameClassLoader(ForkedBooter.java:384) [surefire-booter-2.22.2.jar:2.22.2]
	at org.apache.maven.surefire.booter.ForkedBooter.runSuitesInProcess(ForkedBooter.java:345) [surefire-booter-2.22.2.jar:2.22.2]
	at org.apache.maven.surefire.booter.ForkedBooter.execute(ForkedBooter.java:126) [surefire-booter-2.22.2.jar:2.22.2]
	at org.apache.maven.surefire.booter.ForkedBooter.main(ForkedBooter.java:418) [surefire-booter-2.22.2.jar:2.22.2]
Caused by: org.springframework.beans.factory.BeanCreationException: Error creating bean with name 'searchServiceImpl': Injection of @org.apache.dubbo.config.annotation.Reference dependencies is failed; nested exception is java.lang.IllegalStateException: Failed to check the status of the service com.ego.dubbo.service.TbItemDubboService. No provider available for the service com.ego.dubbo.service.TbItemDubboService from the url zookeeper://192.168.9.128:2181/org.apache.dubbo.registry.RegistryService?anyhost=true&application=ego_search&bean.name=providers:dubbo:com.ego.dubbo.service.TbItemDubboService&check=false&default.deprecated=false&default.dynamic=false&default.lazy=false&default.register=true&default.sticky=false&deprecated=false&dubbo=2.0.2&dynamic=false&generic=false&interface=com.ego.dubbo.service.TbItemDubboService&lazy=false&methods=selectAll,updateBy,update,showItem,selectByid,insertItem&pid=14452&qos.enable=false&register=true&register.ip=192.168.9.1&release=2.7.1&remote.application=ego_dubbo&remote.timestamp=1565316792634&revision=1.0-SNAPSHOT&side=consumer&sticky=false&timestamp=1566455621800 to the consumer 192.168.9.1 use dubbo version 2.7.1
	at org.apache.dubbo.config.spring.beans.factory.annotation.AnnotationInjectedBeanPostProcessor.postProcessPropertyValues(AnnotationInjectedBeanPostProcessor.java:133) ~[dubbo-2.7.1.jar:2.7.1]
	at org.springframework.beans.factory.support.AbstractAutowireCapableBeanFactory.populateBean(AbstractAutowireCapableBeanFactory.java:1416) ~[spring-beans-5.1.8.RELEASE.jar:5.1.8.RELEASE]
	at org.springframework.beans.factory.support.AbstractAutowireCapableBeanFactory.doCreateBean(AbstractAutowireCapableBeanFactory.java:592) ~[spring-beans-5.1.8.RELEASE.jar:5.1.8.RELEASE]
	at org.springframework.beans.factory.support.AbstractAutowireCapableBeanFactory.createBean(AbstractAutowireCapableBeanFactory.java:515) ~[spring-beans-5.1.8.RELEASE.jar:5.1.8.RELEASE]
	at org.springframework.beans.factory.support.AbstractBeanFactory.lambda$doGetBean$0(AbstractBeanFactory.java:320) ~[spring-beans-5.1.8.RELEASE.jar:5.1.8.RELEASE]
	at org.springframework.beans.factory.support.DefaultSingletonBeanRegistry.getSingleton(DefaultSingletonBeanRegistry.java:222) ~[spring-beans-5.1.8.RELEASE.jar:5.1.8.RELEASE]
	at org.springframework.beans.factory.support.AbstractBeanFactory.doGetBean(AbstractBeanFactory.java:318) ~[spring-beans-5.1.8.RELEASE.jar:5.1.8.RELEASE]
	at org.springframework.beans.factory.support.AbstractBeanFactory.getBean(AbstractBeanFactory.java:199) ~[spring-beans-5.1.8.RELEASE.jar:5.1.8.RELEASE]
	at org.springframework.beans.factory.config.DependencyDescriptor.resolveCandidate(DependencyDescriptor.java:277) ~[spring-beans-5.1.8.RELEASE.jar:5.1.8.RELEASE]
	at org.springframework.beans.factory.support.DefaultListableBeanFactory.doResolveDependency(DefaultListableBeanFactory.java:1251) ~[spring-beans-5.1.8.RELEASE.jar:5.1.8.RELEASE]
	at org.springframework.beans.factory.support.DefaultListableBeanFactory.resolveDependency(DefaultListableBeanFactory.java:1171) ~[spring-beans-5.1.8.RELEASE.jar:5.1.8.RELEASE]
	at org.springframework.beans.factory.annotation.AutowiredAnnotationBeanPostProcessor$AutowiredFieldElement.inject(AutowiredAnnotationBeanPostProcessor.java:593) ~[spring-beans-5.1.8.RELEASE.jar:5.1.8.RELEASE]
	... 45 common frames omitted
Caused by: java.lang.IllegalStateException: Failed to check the status of the service com.ego.dubbo.service.TbItemDubboService. No provider available for the service com.ego.dubbo.service.TbItemDubboService from the url zookeeper://192.168.9.128:2181/org.apache.dubbo.registry.RegistryService?anyhost=true&application=ego_search&bean.name=providers:dubbo:com.ego.dubbo.service.TbItemDubboService&check=false&default.deprecated=false&default.dynamic=false&default.lazy=false&default.register=true&default.sticky=false&deprecated=false&dubbo=2.0.2&dynamic=false&generic=false&interface=com.ego.dubbo.service.TbItemDubboService&lazy=false&methods=selectAll,updateBy,update,showItem,selectByid,insertItem&pid=14452&qos.enable=false&register=true&register.ip=192.168.9.1&release=2.7.1&remote.application=ego_dubbo&remote.timestamp=1565316792634&revision=1.0-SNAPSHOT&side=consumer&sticky=false&timestamp=1566455621800 to the consumer 192.168.9.1 use dubbo version 2.7.1
	at org.apache.dubbo.config.ReferenceConfig.createProxy(ReferenceConfig.java:390) ~[dubbo-2.7.1.jar:2.7.1]
	at org.apache.dubbo.config.ReferenceConfig.init(ReferenceConfig.java:305) ~[dubbo-2.7.1.jar:2.7.1]
	at org.apache.dubbo.config.ReferenceConfig.get(ReferenceConfig.java:231) ~[dubbo-2.7.1.jar:2.7.1]
	at org.apache.dubbo.config.spring.beans.factory.annotation.ReferenceAnnotationBeanPostProcessor$ReferenceBeanInvocationHandler.init(ReferenceAnnotationBeanPostProcessor.java:174) ~[dubbo-2.7.1.jar:2.7.1]
	at org.apache.dubbo.config.spring.beans.factory.annotation.ReferenceAnnotationBeanPostProcessor$ReferenceBeanInvocationHandler.access$100(ReferenceAnnotationBeanPostProcessor.java:147) ~[dubbo-2.7.1.jar:2.7.1]
	at org.apache.dubbo.config.spring.beans.factory.annotation.ReferenceAnnotationBeanPostProcessor.buildInvocationHandler(ReferenceAnnotationBeanPostProcessor.java:141) ~[dubbo-2.7.1.jar:2.7.1]
	at org.apache.dubbo.config.spring.beans.factory.annotation.ReferenceAnnotationBeanPostProcessor.buildProxy(ReferenceAnnotationBeanPostProcessor.java:123) ~[dubbo-2.7.1.jar:2.7.1]
	at org.apache.dubbo.config.spring.beans.factory.annotation.ReferenceAnnotationBeanPostProcessor.doGetInjectedBean(ReferenceAnnotationBeanPostProcessor.java:117) ~[dubbo-2.7.1.jar:2.7.1]
	at org.apache.dubbo.config.spring.beans.factory.annotation.ReferenceAnnotationBeanPostProcessor.doGetInjectedBean(ReferenceAnnotationBeanPostProcessor.java:50) ~[dubbo-2.7.1.jar:2.7.1]
	at org.apache.dubbo.config.spring.beans.factory.annotation.AnnotationInjectedBeanPostProcessor.getInjectedObject(AnnotationInjectedBeanPostProcessor.java:342) ~[dubbo-2.7.1.jar:2.7.1]
	at org.apache.dubbo.config.spring.beans.factory.annotation.AnnotationInjectedBeanPostProcessor$AnnotatedFieldElement.inject(AnnotationInjectedBeanPostProcessor.java:522) ~[dubbo-2.7.1.jar:2.7.1]
	at org.springframework.beans.factory.annotation.InjectionMetadata.inject(InjectionMetadata.java:90) ~[spring-beans-5.1.8.RELEASE.jar:5.1.8.RELEASE]
	at org.apache.dubbo.config.spring.beans.factory.annotation.AnnotationInjectedBeanPostProcessor.postProcessPropertyValues(AnnotationInjectedBeanPostProcessor.java:129) ~[dubbo-2.7.1.jar:2.7.1]
	... 56 common frames omitted

2019-08-22 14:34:05.656 ERROR 14452 --- [           main] o.s.test.context.TestContextManager      : Caught exception while allowing TestExecutionListener [org.springframework.test.context.web.ServletTestExecutionListener@5b8dfcc1] to prepare test instance [com.ego.search.test.SearchTest@15c487a8]

java.lang.IllegalStateException: Failed to load ApplicationContext
	at org.springframework.test.context.cache.DefaultCacheAwareContextLoaderDelegate.loadContext(DefaultCacheAwareContextLoaderDelegate.java:125) ~[spring-test-5.1.8.RELEASE.jar:5.1.8.RELEASE]
	at org.springframework.test.context.support.DefaultTestContext.getApplicationContext(DefaultTestContext.java:108) ~[spring-test-5.1.8.RELEASE.jar:5.1.8.RELEASE]
	at org.springframework.test.context.web.ServletTestExecutionListener.setUpRequestContextIfNecessary(ServletTestExecutionListener.java:190) ~[spring-test-5.1.8.RELEASE.jar:5.1.8.RELEASE]
	at org.springframework.test.context.web.ServletTestExecutionListener.prepareTestInstance(ServletTestExecutionListener.java:132) ~[spring-test-5.1.8.RELEASE.jar:5.1.8.RELEASE]
	at org.springframework.test.context.TestContextManager.prepareTestInstance(TestContextManager.java:246) ~[spring-test-5.1.8.RELEASE.jar:5.1.8.RELEASE]
	at org.springframework.test.context.junit4.SpringJUnit4ClassRunner.createTest(SpringJUnit4ClassRunner.java:227) [spring-test-5.1.8.RELEASE.jar:5.1.8.RELEASE]
	at org.springframework.test.context.junit4.SpringJUnit4ClassRunner$1.runReflectiveCall(SpringJUnit4ClassRunner.java:289) [spring-test-5.1.8.RELEASE.jar:5.1.8.RELEASE]
	at org.junit.internal.runners.model.ReflectiveCallable.run(ReflectiveCallable.java:12) [junit-4.12.jar:4.12]
	at org.springframework.test.context.junit4.SpringJUnit4ClassRunner.methodBlock(SpringJUnit4ClassRunner.java:291) [spring-test-5.1.8.RELEASE.jar:5.1.8.RELEASE]
	at org.springframework.test.context.junit4.SpringJUnit4ClassRunner.runChild(SpringJUnit4ClassRunner.java:246) [spring-test-5.1.8.RELEASE.jar:5.1.8.RELEASE]
	at org.springframework.test.context.junit4.SpringJUnit4ClassRunner.runChild(SpringJUnit4ClassRunner.java:97) [spring-test-5.1.8.RELEASE.jar:5.1.8.RELEASE]
	at org.junit.runners.ParentRunner$3.run(ParentRunner.java:290) [junit-4.12.jar:4.12]
	at org.junit.runners.ParentRunner$1.schedule(ParentRunner.java:71) [junit-4.12.jar:4.12]
	at org.junit.runners.ParentRunner.runChildren(ParentRunner.java:288) [junit-4.12.jar:4.12]
	at org.junit.runners.ParentRunner.access$000(ParentRunner.java:58) [junit-4.12.jar:4.12]
	at org.junit.runners.ParentRunner$2.evaluate(ParentRunner.java:268) [junit-4.12.jar:4.12]
	at org.springframework.test.context.junit4.statements.RunBeforeTestClassCallbacks.evaluate(RunBeforeTestClassCallbacks.java:61) [spring-test-5.1.8.RELEASE.jar:5.1.8.RELEASE]
	at org.springframework.test.context.junit4.statements.RunAfterTestClassCallbacks.evaluate(RunAfterTestClassCallbacks.java:70) [spring-test-5.1.8.RELEASE.jar:5.1.8.RELEASE]
	at org.junit.runners.ParentRunner.run(ParentRunner.java:363) [junit-4.12.jar:4.12]
	at org.springframework.test.context.junit4.SpringJUnit4ClassRunner.run(SpringJUnit4ClassRunner.java:190) [spring-test-5.1.8.RELEASE.jar:5.1.8.RELEASE]
	at org.apache.maven.surefire.junit4.JUnit4Provider.execute(JUnit4Provider.java:365) [surefire-junit4-2.22.2.jar:2.22.2]
	at org.apache.maven.surefire.junit4.JUnit4Provider.executeWithRerun(JUnit4Provider.java:273) [surefire-junit4-2.22.2.jar:2.22.2]
	at org.apache.maven.surefire.junit4.JUnit4Provider.executeTestSet(JUnit4Provider.java:238) [surefire-junit4-2.22.2.jar:2.22.2]
	at org.apache.maven.surefire.junit4.JUnit4Provider.invoke(JUnit4Provider.java:159) [surefire-junit4-2.22.2.jar:2.22.2]
	at org.apache.maven.surefire.booter.ForkedBooter.invokeProviderInSameClassLoader(ForkedBooter.java:384) [surefire-booter-2.22.2.jar:2.22.2]
	at org.apache.maven.surefire.booter.ForkedBooter.runSuitesInProcess(ForkedBooter.java:345) [surefire-booter-2.22.2.jar:2.22.2]
	at org.apache.maven.surefire.booter.ForkedBooter.execute(ForkedBooter.java:126) [surefire-booter-2.22.2.jar:2.22.2]
	at org.apache.maven.surefire.booter.ForkedBooter.main(ForkedBooter.java:418) [surefire-booter-2.22.2.jar:2.22.2]
Caused by: org.springframework.beans.factory.UnsatisfiedDependencyException: Error creating bean with name 'searchController': Unsatisfied dependency expressed through field 'searchService'; nested exception is org.springframework.beans.factory.BeanCreationException: Error creating bean with name 'searchServiceImpl': Injection of @org.apache.dubbo.config.annotation.Reference dependencies is failed; nested exception is java.lang.IllegalStateException: Failed to check the status of the service com.ego.dubbo.service.TbItemDubboService. No provider available for the service com.ego.dubbo.service.TbItemDubboService from the url zookeeper://192.168.9.128:2181/org.apache.dubbo.registry.RegistryService?anyhost=true&application=ego_search&bean.name=providers:dubbo:com.ego.dubbo.service.TbItemDubboService&check=false&default.deprecated=false&default.dynamic=false&default.lazy=false&default.register=true&default.sticky=false&deprecated=false&dubbo=2.0.2&dynamic=false&generic=false&interface=com.ego.dubbo.service.TbItemDubboService&lazy=false&methods=selectAll,updateBy,update,showItem,selectByid,insertItem&pid=14452&qos.enable=false&register=true&register.ip=192.168.9.1&release=2.7.1&remote.application=ego_dubbo&remote.timestamp=1565316792634&revision=1.0-SNAPSHOT&side=consumer&sticky=false&timestamp=1566455621800 to the consumer 192.168.9.1 use dubbo version 2.7.1
	at org.springframework.beans.factory.annotation.AutowiredAnnotationBeanPostProcessor$AutowiredFieldElement.inject(AutowiredAnnotationBeanPostProcessor.java:596) ~[spring-beans-5.1.8.RELEASE.jar:5.1.8.RELEASE]
	at org.springframework.beans.factory.annotation.InjectionMetadata.inject(InjectionMetadata.java:90) ~[spring-beans-5.1.8.RELEASE.jar:5.1.8.RELEASE]
	at org.springframework.beans.factory.annotation.AutowiredAnnotationBeanPostProcessor.postProcessProperties(AutowiredAnnotationBeanPostProcessor.java:374) ~[spring-beans-5.1.8.RELEASE.jar:5.1.8.RELEASE]
	at org.springframework.beans.factory.support.AbstractAutowireCapableBeanFactory.populateBean(AbstractAutowireCapableBeanFactory.java:1411) ~[spring-beans-5.1.8.RELEASE.jar:5.1.8.RELEASE]
	at org.springframework.beans.factory.support.AbstractAutowireCapableBeanFactory.doCreateBean(AbstractAutowireCapableBeanFactory.java:592) ~[spring-beans-5.1.8.RELEASE.jar:5.1.8.RELEASE]
	at org.springframework.beans.factory.support.AbstractAutowireCapableBeanFactory.createBean(AbstractAutowireCapableBeanFactory.java:515) ~[spring-beans-5.1.8.RELEASE.jar:5.1.8.RELEASE]
	at org.springframework.beans.factory.support.AbstractBeanFactory.lambda$doGetBean$0(AbstractBeanFactory.java:320) ~[spring-beans-5.1.8.RELEASE.jar:5.1.8.RELEASE]
	at org.springframework.beans.factory.support.DefaultSingletonBeanRegistry.getSingleton(DefaultSingletonBeanRegistry.java:222) ~[spring-beans-5.1.8.RELEASE.jar:5.1.8.RELEASE]
	at org.springframework.beans.factory.support.AbstractBeanFactory.doGetBean(AbstractBeanFactory.java:318) ~[spring-beans-5.1.8.RELEASE.jar:5.1.8.RELEASE]
	at org.springframework.beans.factory.support.AbstractBeanFactory.getBean(AbstractBeanFactory.java:199) ~[spring-beans-5.1.8.RELEASE.jar:5.1.8.RELEASE]
	at org.springframework.beans.factory.support.DefaultListableBeanFactory.preInstantiateSingletons(DefaultListableBeanFactory.java:845) ~[spring-beans-5.1.8.RELEASE.jar:5.1.8.RELEASE]
	at org.springframework.context.support.AbstractApplicationContext.finishBeanFactoryInitialization(AbstractApplicationContext.java:877) ~[spring-context-5.1.8.RELEASE.jar:5.1.8.RELEASE]
	at org.springframework.context.support.AbstractApplicationContext.refresh(AbstractApplicationContext.java:549) ~[spring-context-5.1.8.RELEASE.jar:5.1.8.RELEASE]
	at org.springframework.boot.SpringApplication.refresh(SpringApplication.java:742) ~[spring-boot-2.1.6.RELEASE.jar:2.1.6.RELEASE]
	at org.springframework.boot.SpringApplication.refreshContext(SpringApplication.java:389) ~[spring-boot-2.1.6.RELEASE.jar:2.1.6.RELEASE]
	at org.springframework.boot.SpringApplication.run(SpringApplication.java:311) ~[spring-boot-2.1.6.RELEASE.jar:2.1.6.RELEASE]
	at org.springframework.boot.test.context.SpringBootContextLoader.loadContext(SpringBootContextLoader.java:119) ~[spring-boot-test-2.1.6.RELEASE.jar:2.1.6.RELEASE]
	at org.springframework.test.context.cache.DefaultCacheAwareContextLoaderDelegate.loadContextInternal(DefaultCacheAwareContextLoaderDelegate.java:99) ~[spring-test-5.1.8.RELEASE.jar:5.1.8.RELEASE]
	at org.springframework.test.context.cache.DefaultCacheAwareContextLoaderDelegate.loadContext(DefaultCacheAwareContextLoaderDelegate.java:117) ~[spring-test-5.1.8.RELEASE.jar:5.1.8.RELEASE]
	... 27 common frames omitted
Caused by: org.springframework.beans.factory.BeanCreationException: Error creating bean with name 'searchServiceImpl': Injection of @org.apache.dubbo.config.annotation.Reference dependencies is failed; nested exception is java.lang.IllegalStateException: Failed to check the status of the service com.ego.dubbo.service.TbItemDubboService. No provider available for the service com.ego.dubbo.service.TbItemDubboService from the url zookeeper://192.168.9.128:2181/org.apache.dubbo.registry.RegistryService?anyhost=true&application=ego_search&bean.name=providers:dubbo:com.ego.dubbo.service.TbItemDubboService&check=false&default.deprecated=false&default.dynamic=false&default.lazy=false&default.register=true&default.sticky=false&deprecated=false&dubbo=2.0.2&dynamic=false&generic=false&interface=com.ego.dubbo.service.TbItemDubboService&lazy=false&methods=selectAll,updateBy,update,showItem,selectByid,insertItem&pid=14452&qos.enable=false&register=true&register.ip=192.168.9.1&release=2.7.1&remote.application=ego_dubbo&remote.timestamp=1565316792634&revision=1.0-SNAPSHOT&side=consumer&sticky=false&timestamp=1566455621800 to the consumer 192.168.9.1 use dubbo version 2.7.1
	at org.apache.dubbo.config.spring.beans.factory.annotation.AnnotationInjectedBeanPostProcessor.postProcessPropertyValues(AnnotationInjectedBeanPostProcessor.java:133) ~[dubbo-2.7.1.jar:2.7.1]
	at org.springframework.beans.factory.support.AbstractAutowireCapableBeanFactory.populateBean(AbstractAutowireCapableBeanFactory.java:1416) ~[spring-beans-5.1.8.RELEASE.jar:5.1.8.RELEASE]
	at org.springframework.beans.factory.support.AbstractAutowireCapableBeanFactory.doCreateBean(AbstractAutowireCapableBeanFactory.java:592) ~[spring-beans-5.1.8.RELEASE.jar:5.1.8.RELEASE]
	at org.springframework.beans.factory.support.AbstractAutowireCapableBeanFactory.createBean(AbstractAutowireCapableBeanFactory.java:515) ~[spring-beans-5.1.8.RELEASE.jar:5.1.8.RELEASE]
	at org.springframework.beans.factory.support.AbstractBeanFactory.lambda$doGetBean$0(AbstractBeanFactory.java:320) ~[spring-beans-5.1.8.RELEASE.jar:5.1.8.RELEASE]
	at org.springframework.beans.factory.support.DefaultSingletonBeanRegistry.getSingleton(DefaultSingletonBeanRegistry.java:222) ~[spring-beans-5.1.8.RELEASE.jar:5.1.8.RELEASE]
	at org.springframework.beans.factory.support.AbstractBeanFactory.doGetBean(AbstractBeanFactory.java:318) ~[spring-beans-5.1.8.RELEASE.jar:5.1.8.RELEASE]
	at org.springframework.beans.factory.support.AbstractBeanFactory.getBean(AbstractBeanFactory.java:199) ~[spring-beans-5.1.8.RELEASE.jar:5.1.8.RELEASE]
	at org.springframework.beans.factory.config.DependencyDescriptor.resolveCandidate(DependencyDescriptor.java:277) ~[spring-beans-5.1.8.RELEASE.jar:5.1.8.RELEASE]
	at org.springframework.beans.factory.support.DefaultListableBeanFactory.doResolveDependency(DefaultListableBeanFactory.java:1251) ~[spring-beans-5.1.8.RELEASE.jar:5.1.8.RELEASE]
	at org.springframework.beans.factory.support.DefaultListableBeanFactory.resolveDependency(DefaultListableBeanFactory.java:1171) ~[spring-beans-5.1.8.RELEASE.jar:5.1.8.RELEASE]
	at org.springframework.beans.factory.annotation.AutowiredAnnotationBeanPostProcessor$AutowiredFieldElement.inject(AutowiredAnnotationBeanPostProcessor.java:593) ~[spring-beans-5.1.8.RELEASE.jar:5.1.8.RELEASE]
	... 45 common frames omitted
Caused by: java.lang.IllegalStateException: Failed to check the status of the service com.ego.dubbo.service.TbItemDubboService. No provider available for the service com.ego.dubbo.service.TbItemDubboService from the url zookeeper://192.168.9.128:2181/org.apache.dubbo.registry.RegistryService?anyhost=true&application=ego_search&bean.name=providers:dubbo:com.ego.dubbo.service.TbItemDubboService&check=false&default.deprecated=false&default.dynamic=false&default.lazy=false&default.register=true&default.sticky=false&deprecated=false&dubbo=2.0.2&dynamic=false&generic=false&interface=com.ego.dubbo.service.TbItemDubboService&lazy=false&methods=selectAll,updateBy,update,showItem,selectByid,insertItem&pid=14452&qos.enable=false&register=true&register.ip=192.168.9.1&release=2.7.1&remote.application=ego_dubbo&remote.timestamp=1565316792634&revision=1.0-SNAPSHOT&side=consumer&sticky=false&timestamp=1566455621800 to the consumer 192.168.9.1 use dubbo version 2.7.1
	at org.apache.dubbo.config.ReferenceConfig.createProxy(ReferenceConfig.java:390) ~[dubbo-2.7.1.jar:2.7.1]
	at org.apache.dubbo.config.ReferenceConfig.init(ReferenceConfig.java:305) ~[dubbo-2.7.1.jar:2.7.1]
	at org.apache.dubbo.config.ReferenceConfig.get(ReferenceConfig.java:231) ~[dubbo-2.7.1.jar:2.7.1]
	at org.apache.dubbo.config.spring.beans.factory.annotation.ReferenceAnnotationBeanPostProcessor$ReferenceBeanInvocationHandler.init(ReferenceAnnotationBeanPostProcessor.java:174) ~[dubbo-2.7.1.jar:2.7.1]
	at org.apache.dubbo.config.spring.beans.factory.annotation.ReferenceAnnotationBeanPostProcessor$ReferenceBeanInvocationHandler.access$100(ReferenceAnnotationBeanPostProcessor.java:147) ~[dubbo-2.7.1.jar:2.7.1]
	at org.apache.dubbo.config.spring.beans.factory.annotation.ReferenceAnnotationBeanPostProcessor.buildInvocationHandler(ReferenceAnnotationBeanPostProcessor.java:141) ~[dubbo-2.7.1.jar:2.7.1]
	at org.apache.dubbo.config.spring.beans.factory.annotation.ReferenceAnnotationBeanPostProcessor.buildProxy(ReferenceAnnotationBeanPostProcessor.java:123) ~[dubbo-2.7.1.jar:2.7.1]
	at org.apache.dubbo.config.spring.beans.factory.annotation.ReferenceAnnotationBeanPostProcessor.doGetInjectedBean(ReferenceAnnotationBeanPostProcessor.java:117) ~[dubbo-2.7.1.jar:2.7.1]
	at org.apache.dubbo.config.spring.beans.factory.annotation.ReferenceAnnotationBeanPostProcessor.doGetInjectedBean(ReferenceAnnotationBeanPostProcessor.java:50) ~[dubbo-2.7.1.jar:2.7.1]
	at org.apache.dubbo.config.spring.beans.factory.annotation.AnnotationInjectedBeanPostProcessor.getInjectedObject(AnnotationInjectedBeanPostProcessor.java:342) ~[dubbo-2.7.1.jar:2.7.1]
	at org.apache.dubbo.config.spring.beans.factory.annotation.AnnotationInjectedBeanPostProcessor$AnnotatedFieldElement.inject(AnnotationInjectedBeanPostProcessor.java:522) ~[dubbo-2.7.1.jar:2.7.1]
	at org.springframework.beans.factory.annotation.InjectionMetadata.inject(InjectionMetadata.java:90) ~[spring-beans-5.1.8.RELEASE.jar:5.1.8.RELEASE]
	at org.apache.dubbo.config.spring.beans.factory.annotation.AnnotationInjectedBeanPostProcessor.postProcessPropertyValues(AnnotationInjectedBeanPostProcessor.java:129) ~[dubbo-2.7.1.jar:2.7.1]
	... 56 common frames omitted

]]></system-out>
    <system-err><![CDATA[SLF4J: Class path contains multiple SLF4J bindings.
SLF4J: Found binding in [jar:file:/D:/maven/r2/myrepository/ch/qos/logback/logback-classic/1.2.3/logback-classic-1.2.3.jar!/org/slf4j/impl/StaticLoggerBinder.class]
SLF4J: Found binding in [jar:file:/D:/maven/r2/myrepository/org/slf4j/slf4j-log4j12/1.7.26/slf4j-log4j12-1.7.26.jar!/org/slf4j/impl/StaticLoggerBinder.class]
SLF4J: See http://www.slf4j.org/codes.html#multiple_bindings for an explanation.
SLF4J: Actual binding is of type [ch.qos.logback.classic.util.ContextSelectorStaticBinder]
log4j:WARN No appenders could be found for logger (org.apache.dubbo.common.logger.LoggerFactory).
log4j:WARN Please initialize the log4j system properly.
log4j:WARN See http://logging.apache.org/log4j/1.2/faq.html#noconfig for more info.
]]></system-err>
  </testcase>
</testsuite>